C51 COMPILER V9.60.7.0   DELAY                                                             12/19/2024 16:50:12 PAGE 1   


C51 COMPILER V9.60.7.0, COMPILATION OF MODULE DELAY
OBJECT MODULE PLACED IN .\Objects\delay.obj
COMPILER INVOKED BY: C:\Keil_v5_8051\C51\BIN\C51.EXE delay.c OPTIMIZE(8,SPEED) BROWSE DEBUG OBJECTEXTEND PRINT(.\Listing
                    -s\delay.lst) TABS(2) OBJECT(.\Objects\delay.obj)

line level    source

   1          #include "delay.h"
   2          #include <reg52.h>
   3          
   4          void delay() {
   5   1        int i;
   6   1        TH0 = 0X00;
   7   1        TL0 = 0X00;
   8   1        TR0 = 1;
   9   1        for (i =0; i < 10; i++) {
  10   2          while(TF0 == 0);
  11   2          TF0 = 0;
  12   2          TR0 = 1;
  13   2        }
  14   1        //while(TF0 == 0);
  15   1        TF0 = 0;
  16   1        TR0 = 0;
  17   1        return;
  18   1      }


MODULE INFORMATION:   STATIC OVERLAYABLE
   CODE SIZE        =     32    ----
   CONSTANT SIZE    =   ----    ----
   XDATA SIZE       =   ----    ----
   PDATA SIZE       =   ----    ----
   DATA SIZE        =   ----    ----
   IDATA SIZE       =   ----    ----
   BIT SIZE         =   ----    ----
END OF MODULE INFORMATION.


C51 COMPILATION COMPLETE.  0 WARNING(S),  0 ERROR(S)
